Library/Bee/Android/Prj/Mono2x/Gradle/unityLibrary/build/intermediates/manifest_merge_blame_file/release/manifest-merger-blame-release-report.txt
1<?xml version="1.0" encoding="utf-8"?>
2<manifest xmlns:android="http://schemas.android.com/apk/res/android"
3    xmlns:tools="http://schemas.android.com/tools"
4    package="com.unity3d.player" >
5
6    <uses-sdk
7        android:minSdkVersion="22"
7-->src\main\AndroidManifest.xml
8        android:targetSdkVersion="32" />
8-->src\main\AndroidManifest.xml
9
10    <uses-permission android:name="android.permission.INTERNET" />
10-->src\main\AndroidManifest.xml:3:3-65
10-->src\main\AndroidManifest.xml:3:20-62
11    <uses-permission android:name="android.permission.ACCESS_NETWORK_STATE" />
11-->src\main\AndroidManifest.xml:4:3-77
11-->src\main\AndroidManifest.xml:4:20-74
12
13    <uses-feature android:glEsVersion="0x00020000" />
13-->src\main\AndroidManifest.xml:5:3-52
13-->src\main\AndroidManifest.xml:5:17-49
14    <uses-feature
14-->src\main\AndroidManifest.xml:6:3-88
15        android:name="android.hardware.touchscreen"
15-->src\main\AndroidManifest.xml:6:17-60
16        android:required="false" />
16-->src\main\AndroidManifest.xml:6:61-85
17    <uses-feature
17-->src\main\AndroidManifest.xml:7:3-99
18        android:name="android.hardware.touchscreen.multitouch"
18-->src\main\AndroidManifest.xml:7:17-71
19        android:required="false" />
19-->src\main\AndroidManifest.xml:7:72-96
20    <uses-feature
20-->src\main\AndroidManifest.xml:8:3-108
21        android:name="android.hardware.touchscreen.multitouch.distinct"
21-->src\main\AndroidManifest.xml:8:17-80
22        android:required="false" />
22-->src\main\AndroidManifest.xml:8:81-105
23
24    <application
24-->src\main\AndroidManifest.xml:9:3-25:17
25        android:extractNativeLibs="true"
25-->src\main\AndroidManifest.xml:9:16-48
26        android:isGame="true" >
26-->src\main\AndroidManifest.xml:9:49-70
27        <meta-data
27-->src\main\AndroidManifest.xml:10:5-69
28            android:name="unity.splash-mode"
28-->src\main\AndroidManifest.xml:10:16-48
29            android:value="0" />
29-->src\main\AndroidManifest.xml:10:49-66
30        <meta-data
30-->src\main\AndroidManifest.xml:11:5-74
31            android:name="unity.splash-enable"
31-->src\main\AndroidManifest.xml:11:16-50
32            android:value="True" />
32-->src\main\AndroidManifest.xml:11:51-71
33        <meta-data
33-->src\main\AndroidManifest.xml:12:5-78
34            android:name="unity.launch-fullscreen"
34-->src\main\AndroidManifest.xml:12:16-54
35            android:value="True" />
35-->src\main\AndroidManifest.xml:12:55-75
36        <meta-data
36-->src\main\AndroidManifest.xml:13:5-84
37            android:name="unity.allow-resizable-window"
37-->src\main\AndroidManifest.xml:13:16-59
38            android:value="False" />
38-->src\main\AndroidManifest.xml:13:60-81
39        <meta-data
39-->src\main\AndroidManifest.xml:14:5-81
40            android:name="notch.config"
40-->src\main\AndroidManifest.xml:14:16-43
41            android:value="portrait|landscape" />
41-->src\main\AndroidManifest.xml:14:44-78
42        <meta-data
42-->src\main\AndroidManifest.xml:15:5-84
43            android:name="unity.auto-report-fully-drawn"
43-->src\main\AndroidManifest.xml:15:16-60
44            android:value="true" />
44-->src\main\AndroidManifest.xml:15:61-81
45
46        <activity
46-->src\main\AndroidManifest.xml:16:5-24:16
47            android:name="com.unity3d.player.UnityPlayerActivity"
47-->src\main\AndroidManifest.xml:16:15-68
48            android:configChanges="mcc|mnc|locale|touchscreen|keyboard|keyboardHidden|navigation|orientation|screenLayout|uiMode|screenSize|smallestScreenSize|fontScale|layoutDirection|density"
48-->src\main\AndroidManifest.xml:16:180-361
49            android:exported="true"
49-->src\main\AndroidManifest.xml:16:433-456
50            android:hardwareAccelerated="false"
50-->src\main\AndroidManifest.xml:16:397-432
51            android:launchMode="singleTask"
51-->src\main\AndroidManifest.xml:16:148-179
52            android:resizeableActivity="false"
52-->src\main\AndroidManifest.xml:16:362-396
53            android:screenOrientation="fullUser"
53-->src\main\AndroidManifest.xml:16:111-147
54            android:theme="@style/UnityThemeSelector" >
54-->src\main\AndroidManifest.xml:16:69-110
55            <intent-filter>
55-->src\main\AndroidManifest.xml:17:7-21:23
56                <category android:name="android.intent.category.LAUNCHER" />
56-->src\main\AndroidManifest.xml:18:9-69
56-->src\main\AndroidManifest.xml:18:19-66
57                <category android:name="android.intent.category.LEANBACK_LAUNCHER" />
57-->src\main\AndroidManifest.xml:19:9-78
57-->src\main\AndroidManifest.xml:19:19-75
58
59                <action android:name="android.intent.action.MAIN" />
59-->src\main\AndroidManifest.xml:20:9-61
59-->src\main\AndroidManifest.xml:20:17-58
60            </intent-filter>
61
62            <meta-data
62-->src\main\AndroidManifest.xml:22:7-82
63                android:name="unityplayer.UnityActivity"
63-->src\main\AndroidManifest.xml:22:18-58
64                android:value="true" />
64-->src\main\AndroidManifest.xml:22:59-79
65            <meta-data
65-->src\main\AndroidManifest.xml:23:7-70
66                android:name="notch_support"
66-->src\main\AndroidManifest.xml:23:18-46
67                android:value="true" />
67-->src\main\AndroidManifest.xml:23:47-67
68        </activity>
69    </application>
70
71</manifest>